[DEBUG][qinjiang21-04-12][org.apache.ibatis.logging.LogFactory]Logging initialized using 'class org.apache.ibatis.logging.log4j.Log4jImpl' adapter.
[DEBUG][qinjiang21-04-12][org.apache.ibatis.datasource.pooled.PooledDataSource]PooledDataSource forcefully closed/removed all connections.
[DEBUG][qinjiang21-04-12][org.apache.ibatis.datasource.pooled.PooledDataSource]PooledDataSource forcefully closed/removed all connections.
[DEBUG][qinjiang21-04-12][org.apache.ibatis.datasource.pooled.PooledDataSource]PooledDataSource forcefully closed/removed all connections.
[DEBUG][qinjiang21-04-12][org.apache.ibatis.datasource.pooled.PooledDataSource]PooledDataSource forcefully closed/removed all connections.
[DEBUG][qinjiang21-04-12][org.apache.ibatis.transaction.jdbc.JdbcTransaction]Opening JDBC Connection
[DEBUG][qinjiang21-04-12][org.apache.ibatis.datasource.pooled.PooledDataSource]Created connection 1661081225.
[DEBUG][qinjiang21-04-12][org.apache.ibatis.transaction.jdbc.JdbcTransaction]Setting autocommit to false on JDBC Connection [com.mysql.cj.jdbc.ConnectionImpl@63021689]
[DEBUG][qinjiang21-04-12][com.sqx.Dao.UserMapper.getUserById]==>  Preparing: select * from mybatis.user where id = ? 
[DEBUG][qinjiang21-04-12][com.sqx.Dao.UserMapper.getUserById]==> Parameters: 1(Integer)
[DEBUG][qinjiang21-04-12][com.sqx.Dao.UserMapper.getUserById]<==      Total: 1
[DEBUG][qinjiang21-04-12][org.apache.ibatis.transaction.jdbc.JdbcTransaction]Resetting autocommit to true on JDBC Connection [com.mysql.cj.jdbc.ConnectionImpl@63021689]
[DEBUG][qinjiang21-04-12][org.apache.ibatis.transaction.jdbc.JdbcTransaction]Closing JDBC Connection [com.mysql.cj.jdbc.ConnectionImpl@63021689]
[DEBUG][qinjiang21-04-12][org.apache.ibatis.datasource.pooled.PooledDataSource]Returned connection 1661081225 to pool.
[DEBUG][qinjiang21-04-12][org.apache.ibatis.logging.LogFactory]Logging initialized using 'class org.apache.ibatis.logging.log4j.Log4jImpl' adapter.
[DEBUG][qinjiang21-04-12][org.apache.ibatis.logging.LogFactory]Logging initialized using 'class org.apache.ibatis.logging.log4j.Log4jImpl' adapter.
[DEBUG][qinjiang21-04-12][org.apache.ibatis.datasource.pooled.PooledDataSource]PooledDataSource forcefully closed/removed all connections.
[DEBUG][qinjiang21-04-12][org.apache.ibatis.datasource.pooled.PooledDataSource]PooledDataSource forcefully closed/removed all connections.
[DEBUG][qinjiang21-04-12][org.apache.ibatis.datasource.pooled.PooledDataSource]PooledDataSource forcefully closed/removed all connections.
[DEBUG][qinjiang21-04-12][org.apache.ibatis.datasource.pooled.PooledDataSource]PooledDataSource forcefully closed/removed all connections.
[DEBUG][qinjiang21-04-12][org.apache.ibatis.transaction.jdbc.JdbcTransaction]Opening JDBC Connection
[DEBUG][qinjiang21-04-12][org.apache.ibatis.datasource.pooled.PooledDataSource]Created connection 1540374340.
[DEBUG][qinjiang21-04-12][org.apache.ibatis.transaction.jdbc.JdbcTransaction]Setting autocommit to false on JDBC Connection [com.mysql.cj.jdbc.ConnectionImpl@5bd03f44]
[DEBUG][qinjiang21-04-12][com.sqx.Dao.UserMapper.getUserById]==>  Preparing: select * from mybatis.user where id = ? 
[DEBUG][qinjiang21-04-12][com.sqx.Dao.UserMapper.getUserById]==> Parameters: 1(Integer)
[DEBUG][qinjiang21-04-12][com.sqx.Dao.UserMapper.getUserById]<==      Total: 1
[DEBUG][qinjiang21-04-12][org.apache.ibatis.transaction.jdbc.JdbcTransaction]Resetting autocommit to true on JDBC Connection [com.mysql.cj.jdbc.ConnectionImpl@5bd03f44]
[DEBUG][qinjiang21-04-12][org.apache.ibatis.transaction.jdbc.JdbcTransaction]Closing JDBC Connection [com.mysql.cj.jdbc.ConnectionImpl@5bd03f44]
[DEBUG][qinjiang21-04-12][org.apache.ibatis.datasource.pooled.PooledDataSource]Returned connection 1540374340 to pool.
[DEBUG][qinjiang21-04-12][org.apache.ibatis.logging.LogFactory]Logging initialized using 'class org.apache.ibatis.logging.log4j.Log4jImpl' adapter.
[DEBUG][qinjiang21-04-12][org.apache.ibatis.logging.LogFactory]Logging initialized using 'class org.apache.ibatis.logging.log4j.Log4jImpl' adapter.
[DEBUG][qinjiang21-04-12][org.apache.ibatis.datasource.pooled.PooledDataSource]PooledDataSource forcefully closed/removed all connections.
[DEBUG][qinjiang21-04-12][org.apache.ibatis.datasource.pooled.PooledDataSource]PooledDataSource forcefully closed/removed all connections.
[DEBUG][qinjiang21-04-12][org.apache.ibatis.datasource.pooled.PooledDataSource]PooledDataSource forcefully closed/removed all connections.
[DEBUG][qinjiang21-04-12][org.apache.ibatis.datasource.pooled.PooledDataSource]PooledDataSource forcefully closed/removed all connections.
[DEBUG][qinjiang21-04-12][org.apache.ibatis.transaction.jdbc.JdbcTransaction]Opening JDBC Connection
[DEBUG][qinjiang21-04-12][org.apache.ibatis.datasource.pooled.PooledDataSource]Created connection 1540374340.
[DEBUG][qinjiang21-04-12][org.apache.ibatis.transaction.jdbc.JdbcTransaction]Setting autocommit to false on JDBC Connection [com.mysql.cj.jdbc.ConnectionImpl@5bd03f44]
[DEBUG][qinjiang21-04-12][com.sqx.Dao.UserMapper.getUserById]==>  Preparing: select * from mybatis.user where id = ? 
[DEBUG][qinjiang21-04-12][com.sqx.Dao.UserMapper.getUserById]==> Parameters: 1(Integer)
[DEBUG][qinjiang21-04-12][com.sqx.Dao.UserMapper.getUserById]<==      Total: 1
[DEBUG][qinjiang21-04-12][org.apache.ibatis.transaction.jdbc.JdbcTransaction]Resetting autocommit to true on JDBC Connection [com.mysql.cj.jdbc.ConnectionImpl@5bd03f44]
[DEBUG][qinjiang21-04-12][org.apache.ibatis.transaction.jdbc.JdbcTransaction]Closing JDBC Connection [com.mysql.cj.jdbc.ConnectionImpl@5bd03f44]
[DEBUG][qinjiang21-04-12][org.apache.ibatis.datasource.pooled.PooledDataSource]Returned connection 1540374340 to pool.
[DEBUG][qinjiang21-04-12][org.apache.ibatis.logging.LogFactory]Logging initialized using 'class org.apache.ibatis.logging.log4j.Log4jImpl' adapter.
[DEBUG][qinjiang21-04-12][org.apache.ibatis.logging.LogFactory]Logging initialized using 'class org.apache.ibatis.logging.log4j.Log4jImpl' adapter.
[DEBUG][qinjiang21-04-12][org.apache.ibatis.datasource.pooled.PooledDataSource]PooledDataSource forcefully closed/removed all connections.
[DEBUG][qinjiang21-04-12][org.apache.ibatis.datasource.pooled.PooledDataSource]PooledDataSource forcefully closed/removed all connections.
[DEBUG][qinjiang21-04-12][org.apache.ibatis.datasource.pooled.PooledDataSource]PooledDataSource forcefully closed/removed all connections.
[DEBUG][qinjiang21-04-12][org.apache.ibatis.datasource.pooled.PooledDataSource]PooledDataSource forcefully closed/removed all connections.
[DEBUG][qinjiang21-04-12][org.apache.ibatis.transaction.jdbc.JdbcTransaction]Opening JDBC Connection
[DEBUG][qinjiang21-04-12][org.apache.ibatis.datasource.pooled.PooledDataSource]Created connection 1540374340.
[DEBUG][qinjiang21-04-12][org.apache.ibatis.transaction.jdbc.JdbcTransaction]Setting autocommit to false on JDBC Connection [com.mysql.cj.jdbc.ConnectionImpl@5bd03f44]
[DEBUG][qinjiang21-04-12][com.sqx.Dao.UserMapper.getUserById]==>  Preparing: select * from mybatis.user where id = ? 
[DEBUG][qinjiang21-04-12][com.sqx.Dao.UserMapper.getUserById]==> Parameters: 1(Integer)
[DEBUG][qinjiang21-04-12][com.sqx.Dao.UserMapper.getUserById]<==      Total: 1
[DEBUG][qinjiang21-04-12][org.apache.ibatis.transaction.jdbc.JdbcTransaction]Resetting autocommit to true on JDBC Connection [com.mysql.cj.jdbc.ConnectionImpl@5bd03f44]
[DEBUG][qinjiang21-04-12][org.apache.ibatis.transaction.jdbc.JdbcTransaction]Closing JDBC Connection [com.mysql.cj.jdbc.ConnectionImpl@5bd03f44]
[DEBUG][qinjiang21-04-12][org.apache.ibatis.datasource.pooled.PooledDataSource]Returned connection 1540374340 to pool.
[DEBUG][qinjiang21-04-12][org.apache.ibatis.logging.LogFactory]Logging initialized using 'class org.apache.ibatis.logging.log4j.Log4jImpl' adapter.
[DEBUG][qinjiang21-04-12][org.apache.ibatis.logging.LogFactory]Logging initialized using 'class org.apache.ibatis.logging.log4j.Log4jImpl' adapter.
[DEBUG][qinjiang21-04-12][org.apache.ibatis.datasource.pooled.PooledDataSource]PooledDataSource forcefully closed/removed all connections.
[DEBUG][qinjiang21-04-12][org.apache.ibatis.datasource.pooled.PooledDataSource]PooledDataSource forcefully closed/removed all connections.
[DEBUG][qinjiang21-04-12][org.apache.ibatis.datasource.pooled.PooledDataSource]PooledDataSource forcefully closed/removed all connections.
[DEBUG][qinjiang21-04-12][org.apache.ibatis.datasource.pooled.PooledDataSource]PooledDataSource forcefully closed/removed all connections.
[DEBUG][qinjiang21-04-12][org.apache.ibatis.transaction.jdbc.JdbcTransaction]Opening JDBC Connection
[DEBUG][qinjiang21-04-12][org.apache.ibatis.datasource.pooled.PooledDataSource]Created connection 1540374340.
[DEBUG][qinjiang21-04-12][org.apache.ibatis.transaction.jdbc.JdbcTransaction]Setting autocommit to false on JDBC Connection [com.mysql.cj.jdbc.ConnectionImpl@5bd03f44]
[DEBUG][qinjiang21-04-12][com.sqx.Dao.UserMapper.getUserById]==>  Preparing: select * from mybatis.user where id = ? 
[DEBUG][qinjiang21-04-12][com.sqx.Dao.UserMapper.getUserById]==> Parameters: 1(Integer)
[DEBUG][qinjiang21-04-12][com.sqx.Dao.UserMapper.getUserById]<==      Total: 1
[DEBUG][qinjiang21-04-12][org.apache.ibatis.transaction.jdbc.JdbcTransaction]Resetting autocommit to true on JDBC Connection [com.mysql.cj.jdbc.ConnectionImpl@5bd03f44]
[DEBUG][qinjiang21-04-12][org.apache.ibatis.transaction.jdbc.JdbcTransaction]Closing JDBC Connection [com.mysql.cj.jdbc.ConnectionImpl@5bd03f44]
[DEBUG][qinjiang21-04-12][org.apache.ibatis.datasource.pooled.PooledDataSource]Returned connection 1540374340 to pool.
